Arguments: 
  /usr/local/bin/node /usr/local/bin/yarn add -D @types/OrderedMap

PATH: 
  /Library/Frameworks/Python.framework/Versions/3.9/bin:/usr/local/bin:/usr/bin:/bin:/usr/sbin:/sbin:/usr/local/share/dotnet:~/.dotnet/tools

Yarn version: 
  1.22.10

Node version: 
  14.16.0

Platform: 
  darwin x64

Trace: 
  Error: https://registry.yarnpkg.com/@types%2fOrderedMap: Not found
      at Request.params.callback [as _callback] (/usr/local/lib/node_modules/yarn/lib/cli.js:66988:18)
      at Request.self.callback (/usr/local/lib/node_modules/yarn/lib/cli.js:140662:22)
      at Request.emit (events.js:315:20)
      at Request.<anonymous> (/usr/local/lib/node_modules/yarn/lib/cli.js:141634:10)
      at Request.emit (events.js:315:20)
      at IncomingMessage.<anonymous> (/usr/local/lib/node_modules/yarn/lib/cli.js:141556:12)
      at Object.onceWrapper (events.js:421:28)
      at IncomingMessage.emit (events.js:327:22)
      at endReadableNT (internal/streams/readable.js:1327:12)
      at processTicksAndRejections (internal/process/task_queues.js:80:21)

npm manifest: 
  {
    "devDependencies": {
      "@types/prosemirror-history": "^1.0.2",
      "@types/prosemirror-keymap": "^1.0.4",
      "@types/prosemirror-menu": "^1.0.3",
      "@types/prosemirror-model": "^1.13.0",
      "@types/prosemirror-schema-basic": "^1.0.2",
      "@types/prosemirror-schema-list": "^1.0.3",
      "@types/prosemirror-state": "^1.2.6",
      "@types/prosemirror-transform": "^1.1.3",
      "@types/prosemirror-view": "^1.17.1"
    }
  }

yarn manifest: 
  No manifest

Lockfile: 
  # THIS IS AN AUTOGENERATED FILE. DO NOT EDIT THIS FILE DIRECTLY.
  # yarn lockfile v1
  
  
  "@types/orderedmap@*":
    version "1.0.0"
    resolved "https://registry.yarnpkg.com/@types/orderedmap/-/orderedmap-1.0.0.tgz#807455a192bba52cbbb4517044bc82bdbfa8c596"
    integrity sha512-dxKo80TqYx3YtBipHwA/SdFmMMyLCnP+5mkEqN0eMjcTBzHkiiX0ES118DsjDBjvD+zeSsSU9jULTZ+frog+Gw==
  
  "@types/prosemirror-commands@*":
    version "1.0.4"
    resolved "https://registry.yarnpkg.com/@types/prosemirror-commands/-/prosemirror-commands-1.0.4.tgz#d08551415127d93ae62e7239d30db0b5e7208e22"
    integrity sha512-utDNYB3EXLjAfYIcRWJe6pn3kcQ5kG4RijbT/0Y/TFOm6yhvYS/D9eJVnijdg9LDjykapcezchxGRqFD5LcyaQ==
    dependencies:
      "@types/prosemirror-model" "*"
      "@types/prosemirror-state" "*"
      "@types/prosemirror-view" "*"
  
  "@types/prosemirror-history@^1.0.2":
    version "1.0.2"
    resolved "https://registry.yarnpkg.com/@types/prosemirror-history/-/prosemirror-history-1.0.2.tgz#f90a009a0dcd71393faa69ce705593dec76347a1"
    integrity sha512-AcfpWo+HkIuvq/H2zYjIMi2jxa2GWfYaTNiFTB2sigjkpWNM93CIlb7Cimy/4vNH8lVPp0GwLBjYIMRX6zOUyA==
    dependencies:
      "@types/prosemirror-model" "*"
      "@types/prosemirror-state" "*"
  
  "@types/prosemirror-keymap@^1.0.4":
    version "1.0.4"
    resolved "https://registry.yarnpkg.com/@types/prosemirror-keymap/-/prosemirror-keymap-1.0.4.tgz#f73c79810e8d0e0a20d153d84f998f02e5afbc0c"
    integrity sha512-ycevwkqUh+jEQtPwqO7sWGcm+Sybmhu8MpBsM8DlO3+YTKnXbKA6SDz/+q14q1wK3UA8lHJyfR+v+GPxfUSemg==
    dependencies:
      "@types/prosemirror-commands" "*"
      "@types/prosemirror-model" "*"
      "@types/prosemirror-state" "*"
      "@types/prosemirror-view" "*"
  
  "@types/prosemirror-menu@^1.0.3":
    version "1.0.3"
    resolved "https://registry.yarnpkg.com/@types/prosemirror-menu/-/prosemirror-menu-1.0.3.tgz#515a427da05d34af89e23ee0dac20fe97e3cf85b"
    integrity sha512-lEFq2kyvKLkhNVyTQb8j7cqhv/u+OppEtCD2GSTzW2UFrfqUix0YzEzzBHizQ7LfiALurpsAO3M/jHW2Zm2/8Q==
    dependencies:
      "@types/prosemirror-model" "*"
      "@types/prosemirror-state" "*"
      "@types/prosemirror-view" "*"
  
  "@types/prosemirror-model@*", "@types/prosemirror-model@^1.13.0":
    version "1.13.0"
    resolved "https://registry.yarnpkg.com/@types/prosemirror-model/-/prosemirror-model-1.13.0.tgz#d05937e918c3cac2cf49630ccab04a65fc5fffd6"
    integrity sha512-EIUr2R38Zh9n1eA8BQ1C3NX/XLV9U44DhNVk8x3Sth2RW+wa7jNA82XHMPOoapsOTfmpnh32xaHBOzREiBqdPQ==
    dependencies:
      "@types/orderedmap" "*"
  
  "@types/prosemirror-schema-basic@^1.0.2":
    version "1.0.2"
    resolved "https://registry.yarnpkg.com/@types/prosemirror-schema-basic/-/prosemirror-schema-basic-1.0.2.tgz#d6ba0f9e1dd054a312ff6fbf5b38e10b067c3d66"
    integrity sha512-dzT/6t+dq8/On1be0yarcOIu8wROjhK8QB5wslpLbtTIr5wb0iQv/esJm/KAHcD/PBXR9nSV4TL5AtQmBrcRnw==
    dependencies:
      "@types/prosemirror-model" "*"
  
  "@types/prosemirror-schema-list@^1.0.3":
    version "1.0.3"
    resolved "https://registry.yarnpkg.com/@types/prosemirror-schema-list/-/prosemirror-schema-list-1.0.3.tgz#bdf1893a7915fbdc5c49b3cac9368e96213d70de"
    integrity sha512-uWybOf+M2Ea7rlbs0yLsS4YJYNGXYtn4N+w8HCw3Vvfl6wBAROzlMt0gV/D/VW/7J/LlAjwMezuGe8xi24HzXA==
    dependencies:
      "@types/orderedmap" "*"
      "@types/prosemirror-model" "*"
      "@types/prosemirror-state" "*"
  
  "@types/prosemirror-state@*", "@types/prosemirror-state@^1.2.6":
    version "1.2.6"
    resolved "https://registry.yarnpkg.com/@types/prosemirror-state/-/prosemirror-state-1.2.6.tgz#bb0169084239a8393b354c6fda5420fc347d6bab"
    integrity sha512-tJo0wC+/cQvbrPDVx01Fnng9Fs41bAMVxgJY1KLOyIsUPN0otUN1KdoQurLMmHNHTvIna9ZXxjZD//xJKLYfJw==
    dependencies:
      "@types/prosemirror-model" "*"
      "@types/prosemirror-transform" "*"
      "@types/prosemirror-view" "*"
  
  "@types/prosemirror-transform@*", "@types/prosemirror-transform@^1.1.3":
    version "1.1.3"
    resolved "https://registry.yarnpkg.com/@types/prosemirror-transform/-/prosemirror-transform-1.1.3.tgz#cf30d275976978d1c0317d0659145426fc49ce6f"
    integrity sha512-qtnd4jMoBgUAF2Vy2uRCVY4/LN3d069PP9XTIKrfk7mwWPYKonBYv1NsaBGTpK26sOPu0p7eJNZwaiNYmbfIwA==
    dependencies:
      "@types/prosemirror-model" "*"
  
  "@types/prosemirror-view@*", "@types/prosemirror-view@^1.17.1":
    version "1.17.1"
    resolved "https://registry.yarnpkg.com/@types/prosemirror-view/-/prosemirror-view-1.17.1.tgz#0895df5a57ae6e68d4f3f8020d9be4ef52192980"
    integrity sha512-PNiGGc6BffxHQzMR09UUilsBR8xFPDsKiPIXb4K/g56voPIvqq1pqySnWFfSR50Vo4ZL0tss3VBLWiiiKzVahQ==
    dependencies:
      "@types/prosemirror-model" "*"
      "@types/prosemirror-state" "*"
      "@types/prosemirror-transform" "*"
